[ 2016-02-13T20:10:34+08:00 ] ERR: (ThinkException) 非法操作:userecit
[ 2016-02-13T20:13:04+08:00 ] ERR: (ThinkException) 模板不存在[./Admin/Tpl/User/user_modify.html]
[ 2016-02-13T20:13:39+08:00 ] ERR: (ThinkException) 模板不存在[./Admin/Tpl/User/user_modify.html]
[ 2016-02-13T20:13:45+08:00 ] ERR: (ThinkException) 模板不存在[./Admin/Tpl/User/user_modify.html]
[ 2016-02-13T20:14:05+08:00 ] ERR: (ThinkException) 模板不存在[./Admin/Tpl/User/user_modify.html]
[ 2016-02-13T20:14:32+08:00 ] ERR: (ThinkException) 非法操作:user_edit
[ 2016-02-13T20:18:40+08:00 ] ERR: (ThinkException) 模板不存在[./Admin/Tpl/User/user/index.html]
[ 2016-02-13T20:18:47+08:00 ] ERR: (ThinkException) 模板不存在[./Admin/Tpl/User/user/index.html]
[ 2016-02-13T20:20:19+08:00 ] ERR: (ThinkException) Model:assign您所请求的方法不存在！
[ 2016-02-13T20:20:26+08:00 ] ERR: (ThinkException) Model:assign您所请求的方法不存在！
[ 2016-02-13T20:21:04+08:00 ] ERR: (ThinkException) Model:assign您所请求的方法不存在！
[ 2016-02-13T20:21:05+08:00 ] ERR: (ThinkException) Model:assign您所请求的方法不存在！
[ 2016-02-13T20:21:34+08:00 ] ERR: (ThinkException) 非法操作:newsmodify
[ 2016-02-13T20:28:19+08:00 ] 0.0.0.0 /Atodaynews/index.php/Register/checkName?username=admin
INFO: [ app_begin ] --START--
INFO: Run ReadHtmlCache Behavior [ RunTime:0.003542s ]
INFO: [ app_begin ] --END-- [ RunTime:0.003730s ]
SQL: SHOW COLUMNS FROM `tp_user` [ RunTime:0.007779s ]
SQL: SELECT COUNT(*) AS tp_count FROM `tp_user` WHERE ( `username` = 'admin' ) LIMIT 1   [ RunTime:0.000425s ]

[ 2016-02-13T20:29:14+08:00 ] 0.0.0.0 /Atodaynews/index.php/Register/checkName?username=123
INFO: [ app_begin ] --START--
INFO: Run ReadHtmlCache Behavior [ RunTime:0.001806s ]
INFO: [ app_begin ] --END-- [ RunTime:0.001982s ]
SQL: SHOW COLUMNS FROM `tp_user` [ RunTime:0.007688s ]
SQL: SELECT COUNT(*) AS tp_count FROM `tp_user` WHERE ( `username` = '123' ) LIMIT 1   [ RunTime:0.000911s ]

[ 2016-02-13T20:29:37+08:00 ] 0.0.0.0 /Atodaynews/index.php/Register/checkName?username=admin
INFO: [ app_begin ] --START--
INFO: Run ReadHtmlCache Behavior [ RunTime:0.007332s ]
INFO: [ app_begin ] --END-- [ RunTime:0.007508s ]
SQL: SHOW COLUMNS FROM `tp_user` [ RunTime:0.015325s ]
SQL: SELECT COUNT(*) AS tp_count FROM `tp_user` WHERE ( `username` = 'admin' ) LIMIT 1   [ RunTime:0.000601s ]

